  cursor.c
  playerchoose.c
c:\users\choih0401\desktop\offline game\offline game\playerchoose.c(34): warning C4996: 'getch': The POSIX name for this item is deprecated. Instead, use the ISO C and C++ conformant name: _getch. See online help for details.
  c:\program files (x86)\windows kits\10\include\10.0.17134.0\ucrt\conio.h(453): note: see declaration of 'getch'
  sorce.c
c:\users\choih0401\desktop\offline game\offline game\sorce.c(79): warning C4013: 'PlayerInput2' undefined; assuming extern returning int
c:\users\choih0401\desktop\offline game\offline game\sorce.c(84): warning C4996: 'getch': The POSIX name for this item is deprecated. Instead, use the ISO C and C++ conformant name: _getch. See online help for details.
  c:\program files (x86)\windows kits\10\include\10.0.17134.0\ucrt\conio.h(453): note: see declaration of 'getch'
c:\users\choih0401\desktop\offline game\offline game\sorce.c(86): warning C4996: 'getch': The POSIX name for this item is deprecated. Instead, use the ISO C and C++ conformant name: _getch. See online help for details.
  c:\program files (x86)\windows kits\10\include\10.0.17134.0\ucrt\conio.h(453): note: see declaration of 'getch'
c:\users\choih0401\desktop\offline game\offline game\sorce.c(96): warning C4996: 'getch': The POSIX name for this item is deprecated. Instead, use the ISO C and C++ conformant name: _getch. See online help for details.
  c:\program files (x86)\windows kits\10\include\10.0.17134.0\ucrt\conio.h(453): note: see declaration of 'getch'
c:\users\choih0401\desktop\offline game\offline game\sorce.c(98): warning C4996: 'getch': The POSIX name for this item is deprecated. Instead, use the ISO C and C++ conformant name: _getch. See online help for details.
  c:\program files (x86)\windows kits\10\include\10.0.17134.0\ucrt\conio.h(453): note: see declaration of 'getch'
c:\users\choih0401\desktop\offline game\offline game\sorce.c(119): warning C4996: 'getch': The POSIX name for this item is deprecated. Instead, use the ISO C and C++ conformant name: _getch. See online help for details.
  c:\program files (x86)\windows kits\10\include\10.0.17134.0\ucrt\conio.h(453): note: see declaration of 'getch'
c:\users\choih0401\desktop\offline game\offline game\sorce.c(122): warning C4996: 'getch': The POSIX name for this item is deprecated. Instead, use the ISO C and C++ conformant name: _getch. See online help for details.
  c:\program files (x86)\windows kits\10\include\10.0.17134.0\ucrt\conio.h(453): note: see declaration of 'getch'
c:\users\choih0401\desktop\offline game\offline game\sorce.c(134): warning C4996: 'getch': The POSIX name for this item is deprecated. Instead, use the ISO C and C++ conformant name: _getch. See online help for details.
  c:\program files (x86)\windows kits\10\include\10.0.17134.0\ucrt\conio.h(453): note: see declaration of 'getch'
c:\users\choih0401\desktop\offline game\offline game\sorce.c(153): warning C4996: 'getch': The POSIX name for this item is deprecated. Instead, use the ISO C and C++ conformant name: _getch. See online help for details.
  c:\program files (x86)\windows kits\10\include\10.0.17134.0\ucrt\conio.h(453): note: see declaration of 'getch'
c:\users\choih0401\desktop\offline game\offline game\sorce.c(192): warning C4996: 'getch': The POSIX name for this item is deprecated. Instead, use the ISO C and C++ conformant name: _getch. See online help for details.
  c:\program files (x86)\windows kits\10\include\10.0.17134.0\ucrt\conio.h(453): note: see declaration of 'getch'
c:\users\choih0401\desktop\offline game\offline game\sorce.c(195): warning C4996: 'getch': The POSIX name for this item is deprecated. Instead, use the ISO C and C++ conformant name: _getch. See online help for details.
  c:\program files (x86)\windows kits\10\include\10.0.17134.0\ucrt\conio.h(453): note: see declaration of 'getch'
c:\users\choih0401\desktop\offline game\offline game\sorce.c(207): warning C4996: 'getch': The POSIX name for this item is deprecated. Instead, use the ISO C and C++ conformant name: _getch. See online help for details.
  c:\program files (x86)\windows kits\10\include\10.0.17134.0\ucrt\conio.h(453): note: see declaration of 'getch'
c:\users\choih0401\desktop\offline game\offline game\sorce.c(77): warning C4101: 'dnum': unreferenced local variable
c:\users\choih0401\desktop\offline game\offline game\sorce.c(245): warning C4996: 'getch': The POSIX name for this item is deprecated. Instead, use the ISO C and C++ conformant name: _getch. See online help for details.
  c:\program files (x86)\windows kits\10\include\10.0.17134.0\ucrt\conio.h(453): note: see declaration of 'getch'
c:\users\choih0401\desktop\offline game\offline game\sorce.c(255): warning C4996: 'getch': The POSIX name for this item is deprecated. Instead, use the ISO C and C++ conformant name: _getch. See online help for details.
  c:\program files (x86)\windows kits\10\include\10.0.17134.0\ucrt\conio.h(453): note: see declaration of 'getch'
c:\users\choih0401\desktop\offline game\offline game\sorce.c(275): warning C4996: 'getch': The POSIX name for this item is deprecated. Instead, use the ISO C and C++ conformant name: _getch. See online help for details.
  c:\program files (x86)\windows kits\10\include\10.0.17134.0\ucrt\conio.h(453): note: see declaration of 'getch'
c:\users\choih0401\desktop\offline game\offline game\sorce.c(278): warning C4996: 'getch': The POSIX name for this item is deprecated. Instead, use the ISO C and C++ conformant name: _getch. See online help for details.
  c:\program files (x86)\windows kits\10\include\10.0.17134.0\ucrt\conio.h(453): note: see declaration of 'getch'
c:\users\choih0401\desktop\offline game\offline game\sorce.c(290): warning C4996: 'getch': The POSIX name for this item is deprecated. Instead, use the ISO C and C++ conformant name: _getch. See online help for details.
  c:\program files (x86)\windows kits\10\include\10.0.17134.0\ucrt\conio.h(453): note: see declaration of 'getch'
c:\users\choih0401\desktop\offline game\offline game\sorce.c(309): warning C4996: 'getch': The POSIX name for this item is deprecated. Instead, use the ISO C and C++ conformant name: _getch. See online help for details.
  c:\program files (x86)\windows kits\10\include\10.0.17134.0\ucrt\conio.h(453): note: see declaration of 'getch'
c:\users\choih0401\desktop\offline game\offline game\sorce.c(347): warning C4996: 'getch': The POSIX name for this item is deprecated. Instead, use the ISO C and C++ conformant name: _getch. See online help for details.
  c:\program files (x86)\windows kits\10\include\10.0.17134.0\ucrt\conio.h(453): note: see declaration of 'getch'
c:\users\choih0401\desktop\offline game\offline game\sorce.c(350): warning C4996: 'getch': The POSIX name for this item is deprecated. Instead, use the ISO C and C++ conformant name: _getch. See online help for details.
  c:\program files (x86)\windows kits\10\include\10.0.17134.0\ucrt\conio.h(453): note: see declaration of 'getch'
c:\users\choih0401\desktop\offline game\offline game\sorce.c(362): warning C4996: 'getch': The POSIX name for this item is deprecated. Instead, use the ISO C and C++ conformant name: _getch. See online help for details.
  c:\program files (x86)\windows kits\10\include\10.0.17134.0\ucrt\conio.h(453): note: see declaration of 'getch'
  startfinish.c
c:\users\choih0401\desktop\offline game\offline game\startfinish.c(30): warning C4996: 'getch': The POSIX name for this item is deprecated. Instead, use the ISO C and C++ conformant name: _getch. See online help for details.
  c:\program files (x86)\windows kits\10\include\10.0.17134.0\ucrt\conio.h(453): note: see declaration of 'getch'
c:\users\choih0401\desktop\offline game\offline game\startfinish.c(145): warning C4996: 'getch': The POSIX name for this item is deprecated. Instead, use the ISO C and C++ conformant name: _getch. See online help for details.
  c:\program files (x86)\windows kits\10\include\10.0.17134.0\ucrt\conio.h(453): note: see declaration of 'getch'
  Generating Code...
c:\users\choih0401\desktop\offline game\offline game\sorce.c(448): warning C4715: 'movePlayer': not all control paths return a value
c:\users\choih0401\desktop\offline game\offline game\sorce.c(390): warning C4715: 'PlayerInput2': not all control paths return a value
c:\users\choih0401\desktop\offline game\offline game\sorce.c(485): warning C4715: 'BmovePlayer': not all control paths return a value
c:\users\choih0401\desktop\offline game\offline game\sorce.c(236): warning C4715: 'PlayerInput': not all control paths return a value
c:\users\choih0401\desktop\offline game\offline game\sorce.c(508): warning C4715: 'PmovePlayer': not all control paths return a value
c:\users\choih0401\desktop\offline game\offline game\sorce.c(565): warning C4715: 'printWaterb': not all control paths return a value
  offline game.vcxproj -> C:\Users\Choih0401\Desktop\offline game\Debug\offline game.exe
